{"name": "Visualizar portal sucursal virtual -- @1.2 ", "status": "broken", "statusDetails": {"message": "selenium.common.exceptions.NoSuchElementException: Message: no such element: Unable to locate element: {\"method\":\"xpath\",\"selector\":\"/html/body/afp-habitat-sitio-privado-root/afp-habitat-sitio-privado-app-login/section/div[1]/div/form/div[1]/input\"}\n  (Session info: chrome=105.0.5195.102)\nStacktrace:\nBacktrace:\n\tOrdinal0 [0x00D7DF13+2219795]\n\tOrdinal0 [0x00D12841+1779777]\n\tOrdinal0 [0x00C2423D+803389]\n\tOrdinal0 [0x00C53025+995365]\n\tOrdinal0 [0x00C531EB+995819]\n\tOrdinal0 [0x00C80F52+1183570]\n\tOrdinal0 [0x00C6E844+1108036]\n\tOrdinal0 [0x00C7F192+1175954]\n\tOrdinal0 [0x00C6E616+1107478]\n\tOrdinal0 [0x00C47F89+950153]\n\tOrdinal0 [0x00C48F56+954198]\n\tGetHandleVerifier [0x01072CB2+3040210]\n\tGetHandleVerifier [0x01062BB4+2974420]\n\tGetHandleVerifier [0x00E16A0A+565546]\n\tGetHandleVerifier [0x00E15680+560544]\n\tOrdinal0 [0x00D19A5C+1808988]\n\tOrdinal0 [0x00D1E3A8+1827752]\n\tOrdinal0 [0x00D1E495+1827989]\n\tOrdinal0 [0x00D280A4+1867940]\n\tBaseThreadInitThunk [0x7512FA29+25]\n\tRtlGetAppContainerNamedObjectPath [0x76F67A9E+286]\n\tRtlGetAppContainerNamedObjectPath [0x76F67A6E+238]\n\n", "trace": "  File \"C:\\Users\\gerso\\AppData\\Local\\Programs\\Python\\Python38\\lib\\site-packages\\behave\\model.py\", line 1329, in run\n    match.run(runner.context)\n  File \"C:\\Users\\gerso\\AppData\\Local\\Programs\\Python\\Python38\\lib\\site-packages\\behave\\matchers.py\", line 98, in run\n    self.func(context, *args, **kwargs)\n  File \"features\\steps\\loginsteps.py\", line 17, in setRut\n    status = context.driver.find_element(\"xpath\", xpath).is_displayed()\n  File \"C:\\Users\\gerso\\AppData\\Local\\Programs\\Python\\Python38\\lib\\site-packages\\selenium\\webdriver\\remote\\webdriver.py\", line 855, in find_element\n    return self.execute(Command.FIND_ELEMENT, {\n  File \"C:\\Users\\gerso\\AppData\\Local\\Programs\\Python\\Python38\\lib\\site-packages\\selenium\\webdriver\\remote\\webdriver.py\", line 428, in execute\n    self.error_handler.check_response(response)\n  File \"C:\\Users\\gerso\\AppData\\Local\\Programs\\Python\\Python38\\lib\\site-packages\\selenium\\webdriver\\remote\\errorhandler.py\", line 243, in check_response\n    raise exception_class(message, screen, stacktrace)\n"}, "steps": [{"name": "Given launch chrome browser", "status": "passed", "start": 1662741474649, "stop": 1662741475858}, {"name": "When carga portal sucursal virtual", "status": "passed", "start": 1662741475858, "stop": 1662741523601}, {"name": "And Ingresar rut 14044384-0", "status": "broken", "statusDetails": {"message": "selenium.common.exceptions.NoSuchElementException: Message: no such element: Unable to locate element: {\"method\":\"xpath\",\"selector\":\"/html/body/afp-habitat-sitio-privado-root/afp-habitat-sitio-privado-app-login/section/div[1]/div/form/div[1]/input\"}\n  (Session info: chrome=105.0.5195.102)\nStacktrace:\nBacktrace:\n\tOrdinal0 [0x00D7DF13+2219795]\n\tOrdinal0 [0x00D12841+1779777]\n\tOrdinal0 [0x00C2423D+803389]\n\tOrdinal0 [0x00C53025+995365]\n\tOrdinal0 [0x00C531EB+995819]\n\tOrdinal0 [0x00C80F52+1183570]\n\tOrdinal0 [0x00C6E844+1108036]\n\tOrdinal0 [0x00C7F192+1175954]\n\tOrdinal0 [0x00C6E616+1107478]\n\tOrdinal0 [0x00C47F89+950153]\n\tOrdinal0 [0x00C48F56+954198]\n\tGetHandleVerifier [0x01072CB2+3040210]\n\tGetHandleVerifier [0x01062BB4+2974420]\n\tGetHandleVerifier [0x00E16A0A+565546]\n\tGetHandleVerifier [0x00E15680+560544]\n\tOrdinal0 [0x00D19A5C+1808988]\n\tOrdinal0 [0x00D1E3A8+1827752]\n\tOrdinal0 [0x00D1E495+1827989]\n\tOrdinal0 [0x00D280A4+1867940]\n\tBaseThreadInitThunk [0x7512FA29+25]\n\tRtlGetAppContainerNamedObjectPath [0x76F67A9E+286]\n\tRtlGetAppContainerNamedObjectPath [0x76F67A6E+238]\n\n", "trace": "  File \"C:\\Users\\gerso\\AppData\\Local\\Programs\\Python\\Python38\\lib\\site-packages\\behave\\model.py\", line 1329, in run\n    match.run(runner.context)\n  File \"C:\\Users\\gerso\\AppData\\Local\\Programs\\Python\\Python38\\lib\\site-packages\\behave\\matchers.py\", line 98, in run\n    self.func(context, *args, **kwargs)\n  File \"features\\steps\\loginsteps.py\", line 17, in setRut\n    status = context.driver.find_element(\"xpath\", xpath).is_displayed()\n  File \"C:\\Users\\gerso\\AppData\\Local\\Programs\\Python\\Python38\\lib\\site-packages\\selenium\\webdriver\\remote\\webdriver.py\", line 855, in find_element\n    return self.execute(Command.FIND_ELEMENT, {\n  File \"C:\\Users\\gerso\\AppData\\Local\\Programs\\Python\\Python38\\lib\\site-packages\\selenium\\webdriver\\remote\\webdriver.py\", line 428, in execute\n    self.error_handler.check_response(response)\n  File \"C:\\Users\\gerso\\AppData\\Local\\Programs\\Python\\Python38\\lib\\site-packages\\selenium\\webdriver\\remote\\errorhandler.py\", line 243, in check_response\n    raise exception_class(message, screen, stacktrace)\n"}, "start": 1662741523601, "stop": 1662741523615}, {"name": "And Ingresar password 111111", "status": "skipped", "start": 1662741523616, "stop": 1662741523616}, {"name": "And Click en boton ingresar", "status": "skipped", "start": 1662741523616, "stop": 1662741523616}, {"name": "Then valida ingreso", "status": "skipped", "start": 1662741523616, "stop": 1662741523616}], "parameters": [{"name": "rut", "value": "14044384-0"}, {"name": "password", "value": "111111"}], "start": 1662741474647, "stop": 1662741523616, "uuid": "043f5d2d-8495-4b94-9c91-27ab9fbdd78d", "historyId": "4dd743e6b3f9d4255ef3ee0e5eee8b55", "fullName": "Login en nuevaweb: Visualizar portal sucursal virtual", "labels": [{"name": "severity", "value": "normal"}, {"name": "feature", "value": "Login en nuevaweb"}, {"name": "framework", "value": "behave"}, {"name": "language", "value": "cpython3"}]}